<?xml version="1.0" encoding="UTF-8"?>
<!-- Generated by org.testng.reporters.JUnitReportReporter -->
<testsuite hostname="LAPTOP-U6U3L30R" failures="1" tests="1" name="com.demoQA.pages.ElementsCheckBoxTest" time="0.002" errors="0" timestamp="16 Jun 2021 21:39:17 GMT">
  <testcase classname="com.demoQA.pages.ElementsCheckBoxTest" name="verifyCheckBox" time="0.002">
    <failure message="session not created: This version of ChromeDriver only supports Chrome version 89
Current browser version is 91.0.4472.101 with binary path C:\Program Files\Google\Chrome\Application\chrome.exe
Build info: version: &#039;3.141.59&#039;, revision: &#039;e82be7d358&#039;, time: &#039;2018-11-14T08:17:03&#039;
System info: host: &#039;LAPTOP-U6U3L30R&#039;, ip: &#039;192.168.1.12&#039;, os.name: &#039;Windows 10&#039;, os.arch: &#039;amd64&#039;, os.version: &#039;10.0&#039;, java.version: &#039;15.0.2&#039;
Driver info: driver.version: ChromeDriver
remote stacktrace: Backtrace:
	Ordinal0 [0x00E7E7D3+124883]
	Ordinal0 [0x00E7E7B1+124849]
	GetHandleVerifier [0x010C8688+193832]
	GetHandleVerifier [0x010E3AC5+305509]
	GetHandleVerifier [0x010E021B+291003]
	GetHandleVerifier [0x010DE0AC+282444]
	GetHandleVerifier [0x01104A90+440624]
	GetHandleVerifier [0x011047FC+439964]
	GetHandleVerifier [0x0110154B+426987]
	GetHandleVerifier [0x010E4FFD+310941]
	GetHandleVerifier [0x010E5D8E+314414]
	GetHandleVerifier [0x010E5D19+314297]
	GetHandleVerifier [0x011A31EC+1089676]
	GetHandleVerifier [0x011A17C9+1082985]
	GetHandleVerifier [0x011A13A3+1081923]
	GetHandleVerifier [0x0129D9FD+2115741]
	Ordinal0 [0x00FCB82E+1488942]
	Ordinal0 [0x00F65A7D+1071741]
	Ordinal0 [0x00F6559B+1070491]
	Ordinal0 [0x00F654B1+1070257]
	Ordinal0 [0x00F9FF53+1310547]
	BaseThreadInitThunk [0x7658FA29+25]
	RtlGetAppContainerNamedObjectPath [0x76EC7A9E+286]
	RtlGetAppContainerNamedObjectPath [0x76EC7A6E+238]
" type="org.openqa.selenium.SessionNotCreatedException">
      <![CDATA[org.openqa.selenium.SessionNotCreatedException: session not created: This version of ChromeDriver only supports Chrome version 89
Current browser version is 91.0.4472.101 with binary path C:\Program Files\Google\Chrome\Application\chrome.exe
Build info: version: '3.141.59', revision: 'e82be7d358', time: '2018-11-14T08:17:03'
System info: host: 'LAPTOP-U6U3L30R', ip: '192.168.1.12', os.name: 'Windows 10', os.arch: 'amd64', os.version: '10.0', java.version: '15.0.2'
Driver info: driver.version: ChromeDriver
remote stacktrace: Backtrace:
	Ordinal0 [0x00E7E7D3+124883]
	Ordinal0 [0x00E7E7B1+124849]
	GetHandleVerifier [0x010C8688+193832]
	GetHandleVerifier [0x010E3AC5+305509]
	GetHandleVerifier [0x010E021B+291003]
	GetHandleVerifier [0x010DE0AC+282444]
	GetHandleVerifier [0x01104A90+440624]
	GetHandleVerifier [0x011047FC+439964]
	GetHandleVerifier [0x0110154B+426987]
	GetHandleVerifier [0x010E4FFD+310941]
	GetHandleVerifier [0x010E5D8E+314414]
	GetHandleVerifier [0x010E5D19+314297]
	GetHandleVerifier [0x011A31EC+1089676]
	GetHandleVerifier [0x011A17C9+1082985]
	GetHandleVerifier [0x011A13A3+1081923]
	GetHandleVerifier [0x0129D9FD+2115741]
	Ordinal0 [0x00FCB82E+1488942]
	Ordinal0 [0x00F65A7D+1071741]
	Ordinal0 [0x00F6559B+1070491]
	Ordinal0 [0x00F654B1+1070257]
	Ordinal0 [0x00F9FF53+1310547]
	BaseThreadInitThunk [0x7658FA29+25]
	RtlGetAppContainerNamedObjectPath [0x76EC7A9E+286]
	RtlGetAppContainerNamedObjectPath [0x76EC7A6E+238]

	at java.base/jdk.internal.reflect.NativeConstructorAccessorImpl.newInstance0(Native Method)
	at java.base/jdk.internal.reflect.NativeConstructorAccessorImpl.newInstance(NativeConstructorAccessorImpl.java:64)
	at java.base/jdk.internal.reflect.DelegatingConstructorAccessorImpl.newInstance(DelegatingConstructorAccessorImpl.java:45)
	at java.base/java.lang.reflect.Constructor.newInstanceWithCaller(Constructor.java:500)
	at java.base/java.lang.reflect.Constructor.newInstance(Constructor.java:481)
	at org.openqa.selenium.remote.W3CHandshakeResponse.lambda$errorHandler$0(W3CHandshakeResponse.java:62)
	at org.openqa.selenium.remote.HandshakeResponse.lambda$getResponseFunction$0(HandshakeResponse.java:30)
	at org.openqa.selenium.remote.ProtocolHandshake.lambda$createSession$0(ProtocolHandshake.java:126)
	at java.base/java.util.stream.ReferencePipeline$3$1.accept(ReferencePipeline.java:195)
	at java.base/java.util.Spliterators$ArraySpliterator.tryAdvance(Spliterators.java:958)
	at java.base/java.util.stream.ReferencePipeline.forEachWithCancel(ReferencePipeline.java:127)
	at java.base/java.util.stream.AbstractPipeline.copyIntoWithCancel(AbstractPipeline.java:502)
	at java.base/java.util.stream.AbstractPipeline.copyInto(AbstractPipeline.java:488)
	at java.base/java.util.stream.AbstractPipeline.wrapAndCopyInto(AbstractPipeline.java:474)
	at java.base/java.util.stream.FindOps$FindOp.evaluateSequential(FindOps.java:150)
	at java.base/java.util.stream.AbstractPipeline.evaluate(AbstractPipeline.java:234)
	at java.base/java.util.stream.ReferencePipeline.findFirst(ReferencePipeline.java:543)
	at org.openqa.selenium.remote.ProtocolHandshake.createSession(ProtocolHandshake.java:128)
	at org.openqa.selenium.remote.ProtocolHandshake.createSession(ProtocolHandshake.java:74)
	at org.openqa.selenium.remote.HttpCommandExecutor.execute(HttpCommandExecutor.java:136)
	at org.openqa.selenium.remote.service.DriverCommandExecutor.execute(DriverCommandExecutor.java:83)
	at org.openqa.selenium.remote.RemoteWebDriver.execute(RemoteWebDriver.java:552)
	at org.openqa.selenium.remote.RemoteWebDriver.startSession(RemoteWebDriver.java:213)
	at org.openqa.selenium.remote.RemoteWebDriver.<init>(RemoteWebDriver.java:131)
	at org.openqa.selenium.chrome.ChromeDriver.<init>(ChromeDriver.java:181)
	at org.openqa.selenium.chrome.ChromeDriver.<init>(ChromeDriver.java:168)
	at org.openqa.selenium.chrome.ChromeDriver.<init>(ChromeDriver.java:123)
	at com.demoQA.pages.BaseClass.initiation(BaseClass.java:39)
	at com.demoQA.pages.ElementsCheckBoxTest.setup(ElementsCheckBoxTest.java:22)
	at java.base/jdk.internal.reflect.NativeMethodAccessorImpl.invoke0(Native Method)
	at java.base/jdk.internal.reflect.NativeMethodAccessorImpl.invoke(NativeMethodAccessorImpl.java:64)
	at java.base/jdk.internal.reflect.DelegatingMethodAccessorImpl.invoke(DelegatingMethodAccessorImpl.java:43)
	at java.base/java.lang.reflect.Method.invoke(Method.java:564)
	at org.testng.internal.MethodInvocationHelper.invokeMethod(MethodInvocationHelper.java:80)
	at org.testng.internal.Invoker.invokeConfigurationMethod(Invoker.java:564)
	at org.testng.internal.Invoker.invokeConfigurations(Invoker.java:213)
	at org.testng.internal.Invoker.invokeConfigurations(Invoker.java:138)
	at org.testng.TestRunner.beforeRun(TestRunner.java:641)
	at org.testng.TestRunner.run(TestRunner.java:609)
	at org.testng.SuiteRunner.runTest(SuiteRunner.java:334)
	at org.testng.SuiteRunner.runSequentially(SuiteRunner.java:329)
	at org.testng.SuiteRunner.privateRun(SuiteRunner.java:291)
	at org.testng.SuiteRunner.run(SuiteRunner.java:240)
	at org.testng.SuiteRunnerWorker.runSuite(SuiteRunnerWorker.java:52)
	at org.testng.SuiteRunnerWorker.run(SuiteRunnerWorker.java:86)
	at org.testng.TestNG.runSuitesSequentially(TestNG.java:1198)
	at org.testng.TestNG.runSuitesLocally(TestNG.java:1123)
	at org.testng.TestNG.run(TestNG.java:1031)
	at org.testng.remote.AbstractRemoteTestNG.run(AbstractRemoteTestNG.java:115)
	at org.testng.remote.RemoteTestNG.initAndRun(RemoteTestNG.java:251)
	at org.testng.remote.RemoteTestNG.main(RemoteTestNG.java:77)
]]>
    </failure>
  </testcase> <!-- verifyCheckBox -->
</testsuite> <!-- com.demoQA.pages.ElementsCheckBoxTest -->
